<?xml version="1.0" encoding="UTF-8"?>
<!-- Generated by org.testng.reporters.JUnitReportReporter -->
<testsuite skipped="0" hostname="DESKTOP-U889HR5" name="MainController.Inspection" tests="2" failures="0" timestamp="03 Sep 2018 10:40:17 GMT" time="0.016" errors="0">
  <testcase name="addfunctionality2" time="0.000" classname="MainController.Inspection"/>
  <testcase name="addfunctionality" time="0.016" classname="MainController.Inspection"/>
</testsuite> <!-- MainController.Inspection -->
